<?xml version="1.0" encoding="UTF-8"?>
<testng-results ignored="0" total="1" passed="1" failed="0" skipped="0">
  <reporter-output>
  </reporter-output>
  <suite started-at="2020-06-22T21:16:44 EDT" name="Default suite" finished-at="2020-06-22T21:17:02 EDT" duration-ms="18133">
    <groups>
    </groups>
    <test started-at="2020-06-22T21:16:44 EDT" name="Default test" finished-at="2020-06-22T21:17:02 EDT" duration-ms="18133">
      <class name="Test.TestSuite1">
        <test-method signature="negativeLogin()[pri:0, instance:Test.TestSuite1@7ff95560]" started-at="2020-06-22T21:16:44 EDT" name="negativeLogin" finished-at="2020-06-22T21:17:02 EDT" duration-ms="18101" status="PASS">
          <reporter-output>
          </reporter-output>
        </test-method> <!-- negativeLogin -->
      </class> <!-- Test.TestSuite1 -->
    </test> <!-- Default test -->
  </suite> <!-- Default suite -->
</testng-results>
